[2026-03-27T15:47:50.599+0000] {local_task_job_runner.py:120} INFO - ::group::Pre task execution logs
[2026-03-27T15:47:50.638+0000] {taskinstance.py:2076} INFO - Dependencies all met for dep_context=non-requeueable deps ti=<TaskInstance: flights_ops_medallion_pipe.snowflake_load manual__2026-03-27T15:47:20.851663+00:00 [queued]>
[2026-03-27T15:47:50.648+0000] {taskinstance.py:2076} INFO - Dependencies all met for dep_context=requeueable deps ti=<TaskInstance: flights_ops_medallion_pipe.snowflake_load manual__2026-03-27T15:47:20.851663+00:00 [queued]>
[2026-03-27T15:47:50.649+0000] {taskinstance.py:2306} INFO - Starting attempt 1 of 1
[2026-03-27T15:47:50.666+0000] {taskinstance.py:2330} INFO - Executing <Task(PythonOperator): snowflake_load> on 2026-03-27 15:47:20.851663+00:00
[2026-03-27T15:47:50.680+0000] {standard_task_runner.py:90} INFO - Running: ['airflow', 'tasks', 'run', '***_ops_medallion_pipe', 'snowflake_load', 'manual__2026-03-27T15:47:20.851663+00:00', '--job-id', '46', '--raw', '--subdir', 'DAGS_FOLDER/flight-pipeline.py', '--cfg-path', '/tmp/tmpwuznleyi']
[2026-03-27T15:47:50.687+0000] {standard_task_runner.py:91} INFO - Job 46: Subtask snowflake_load
[2026-03-27T15:47:50.687+0000] {logging_mixin.py:188} WARNING - /home/airflow/.local/lib/python3.12/site-packages/airflow/task/task_runner/standard_task_runner.py:62 DeprecationWarning: This process (pid=1037) is multi-threaded, use of fork() may lead to deadlocks in the child.
[2026-03-27T15:47:50.688+0000] {standard_task_runner.py:64} INFO - Started process 1051 to run task
[2026-03-27T15:47:50.780+0000] {task_command.py:426} INFO - Running <TaskInstance: flights_ops_medallion_pipe.snowflake_load manual__2026-03-27T15:47:20.851663+00:00 [running]> on host d048136c994f
[2026-03-27T15:47:50.923+0000] {taskinstance.py:2648} INFO - Exporting env vars: AIRFLOW_CTX_DAG_OWNER='airflow' AIRFLOW_CTX_DAG_ID='***_ops_medallion_pipe' AIRFLOW_CTX_TASK_ID='snowflake_load' AIRFLOW_CTX_EXECUTION_DATE='2026-03-27T15:47:20.851663+00:00' AIRFLOW_CTX_TRY_NUMBER='1' AIRFLOW_CTX_DAG_RUN_ID='manual__2026-03-27T15:47:20.851663+00:00'
[2026-03-27T15:47:50.925+0000] {taskinstance.py:430} INFO - ::endgroup::
[2026-03-27T15:47:50.981+0000] {base.py:84} INFO - Using connection ID 'flight_snowflake' for task execution.
[2026-03-27T15:47:50.983+0000] {connection.py:408} INFO - Snowflake Connector for Python Version: 3.11.0, Python Version: 3.12.4, Platform: Linux-6.6.87.2-microsoft-standard-WSL2-x86_64-with-glibc2.36
[2026-03-27T15:47:50.985+0000] {connection.py:1258} INFO - This connection is in OCSP Fail Open Mode. TLS Certificates would be checked for validity and revocation status. Any other Certificate Revocation related exceptions or OCSP Responder failures would be disregarded in favor of connectivity.
[2026-03-27T15:48:52.266+0000] {connection.py:773} INFO - closed
[2026-03-27T15:48:52.294+0000] {connection.py:779} INFO - No async queries seem to be running, deleting session
[2026-03-27T15:48:52.340+0000] {python.py:237} INFO - Done. Returned value was: None
[2026-03-27T15:48:52.341+0000] {taskinstance.py:441} INFO - ::group::Post task execution logs
[2026-03-27T15:48:52.367+0000] {taskinstance.py:1206} INFO - Marking task as SUCCESS. dag_id=***_ops_medallion_pipe, task_id=snowflake_load, run_id=manual__2026-03-27T15:47:20.851663+00:00, execution_date=20260327T154720, start_date=20260327T154750, end_date=20260327T154852
[2026-03-27T15:48:52.479+0000] {local_task_job_runner.py:243} INFO - Task exited with return code 0
[2026-03-27T15:48:52.513+0000] {taskinstance.py:3503} INFO - 0 downstream tasks scheduled from follow-on schedule check
[2026-03-27T15:48:52.516+0000] {local_task_job_runner.py:222} INFO - ::endgroup::
