[2026-03-27T14:53:44.295+0000] {local_task_job_runner.py:120} INFO - ::group::Pre task execution logs
[2026-03-27T14:53:44.326+0000] {taskinstance.py:2076} INFO - Dependencies all met for dep_context=non-requeueable deps ti=<TaskInstance: flights_ops_medallion_pipe.gold_layer manual__2026-03-27T14:53:30.256394+00:00 [queued]>
[2026-03-27T14:53:44.335+0000] {taskinstance.py:2076} INFO - Dependencies all met for dep_context=requeueable deps ti=<TaskInstance: flights_ops_medallion_pipe.gold_layer manual__2026-03-27T14:53:30.256394+00:00 [queued]>
[2026-03-27T14:53:44.336+0000] {taskinstance.py:2306} INFO - Starting attempt 1 of 1
[2026-03-27T14:53:44.349+0000] {taskinstance.py:2330} INFO - Executing <Task(PythonOperator): gold_layer> on 2026-03-27 14:53:30.256394+00:00
[2026-03-27T14:53:44.365+0000] {logging_mixin.py:188} WARNING - /home/airflow/.local/lib/python3.12/site-packages/airflow/task/task_runner/standard_task_runner.py:62 DeprecationWarning: This process (pid=311) is multi-threaded, use of fork() may lead to deadlocks in the child.
[2026-03-27T14:53:44.362+0000] {standard_task_runner.py:90} INFO - Running: ['airflow', 'tasks', 'run', '***_ops_medallion_pipe', 'gold_layer', 'manual__2026-03-27T14:53:30.256394+00:00', '--job-id', '13', '--raw', '--subdir', 'DAGS_FOLDER/flight-pipeline.py', '--cfg-path', '/tmp/tmpg55dwdyw']
[2026-03-27T14:53:44.367+0000] {standard_task_runner.py:64} INFO - Started process 324 to run task
[2026-03-27T14:53:44.367+0000] {standard_task_runner.py:91} INFO - Job 13: Subtask gold_layer
[2026-03-27T14:53:44.445+0000] {task_command.py:426} INFO - Running <TaskInstance: flights_ops_medallion_pipe.gold_layer manual__2026-03-27T14:53:30.256394+00:00 [running]> on host d048136c994f
[2026-03-27T14:53:44.541+0000] {taskinstance.py:2648} INFO - Exporting env vars: AIRFLOW_CTX_DAG_OWNER='airflow' AIRFLOW_CTX_DAG_ID='***_ops_medallion_pipe' AIRFLOW_CTX_TASK_ID='gold_layer' AIRFLOW_CTX_EXECUTION_DATE='2026-03-27T14:53:30.256394+00:00' AIRFLOW_CTX_TRY_NUMBER='1' AIRFLOW_CTX_DAG_RUN_ID='manual__2026-03-27T14:53:30.256394+00:00'
[2026-03-27T14:53:44.543+0000] {taskinstance.py:430} INFO - ::endgroup::
[2026-03-27T14:53:44.573+0000] {taskinstance.py:441} INFO - ::group::Post task execution logs
[2026-03-27T14:53:44.574+0000] {taskinstance.py:2905} ERROR - Task failed with exception
Traceback (most recent call last):
  File "/home/airflow/.local/lib/python3.12/site-packages/airflow/models/taskinstance.py", line 465, in _execute_task
    result = _execute_callable(context=context, **execute_callable_kwargs)
             ^^^^^^^^^^^^^^^^^^^^^^^^^^^^^^^^^^^^^^^^^^^^^^^^^^^^^^^^^^^^^
  File "/home/airflow/.local/lib/python3.12/site-packages/airflow/models/taskinstance.py", line 432, in _execute_callable
    return execute_callable(context=context, **execute_callable_kwargs)
           ^^^^^^^^^^^^^^^^^^^^^^^^^^^^^^^^^^^^^^^^^^^^^^^^^^^^^^^^^^^^
  File "/home/airflow/.local/lib/python3.12/site-packages/airflow/models/baseoperator.py", line 401, in wrapper
    return func(self, *args, **kwargs)
           ^^^^^^^^^^^^^^^^^^^^^^^^^^^
  File "/home/airflow/.local/lib/python3.12/site-packages/airflow/operators/python.py", line 235, in execute
    return_value = self.execute_callable()
                   ^^^^^^^^^^^^^^^^^^^^^^^
  File "/home/airflow/.local/lib/python3.12/site-packages/airflow/operators/python.py", line 252, in execute_callable
    return self.python_callable(*self.op_args, **self.op_kwargs)
           ^^^^^^^^^^^^^^^^^^^^^^^^^^^^^^^^^^^^^^^^^^^^^^^^^^^^^
  File "/opt/airflow/scripts/gold_layer.py", line 11, in run_gold_layer
    df = pd.read_csv(silver_file)
         ^^^^^^^^^^^^^^^^^^^^^^^^
  File "/home/airflow/.local/lib/python3.12/site-packages/pandas/io/parsers/readers.py", line 948, in read_csv
    return _read(filepath_or_buffer, kwds)
           ^^^^^^^^^^^^^^^^^^^^^^^^^^^^^^^
  File "/home/airflow/.local/lib/python3.12/site-packages/pandas/io/parsers/readers.py", line 611, in _read
    parser = TextFileReader(filepath_or_buffer, **kwds)
             ^^^^^^^^^^^^^^^^^^^^^^^^^^^^^^^^^^^^^^^^^^
  File "/home/airflow/.local/lib/python3.12/site-packages/pandas/io/parsers/readers.py", line 1448, in __init__
    self._engine = self._make_engine(f, self.engine)
                   ^^^^^^^^^^^^^^^^^^^^^^^^^^^^^^^^^
  File "/home/airflow/.local/lib/python3.12/site-packages/pandas/io/parsers/readers.py", line 1705, in _make_engine
    self.handles = get_handle(
                   ^^^^^^^^^^^
  File "/home/airflow/.local/lib/python3.12/site-packages/pandas/io/common.py", line 718, in get_handle
    ioargs = _get_filepath_or_buffer(
             ^^^^^^^^^^^^^^^^^^^^^^^^
  File "/home/airflow/.local/lib/python3.12/site-packages/pandas/io/common.py", line 460, in _get_filepath_or_buffer
    raise ValueError(msg)
ValueError: Invalid file path or buffer object type: <class 'NoneType'>
[2026-03-27T14:53:44.597+0000] {taskinstance.py:1206} INFO - Marking task as FAILED. dag_id=***_ops_medallion_pipe, task_id=gold_layer, run_id=manual__2026-03-27T14:53:30.256394+00:00, execution_date=20260327T145330, start_date=20260327T145344, end_date=20260327T145344
[2026-03-27T14:53:44.609+0000] {standard_task_runner.py:110} ERROR - Failed to execute job 13 for task gold_layer (Invalid file path or buffer object type: <class 'NoneType'>; 324)
[2026-03-27T14:53:44.662+0000] {local_task_job_runner.py:243} INFO - Task exited with return code 1
[2026-03-27T14:53:44.680+0000] {taskinstance.py:3503} INFO - 0 downstream tasks scheduled from follow-on schedule check
[2026-03-27T14:53:44.683+0000] {local_task_job_runner.py:222} INFO - ::endgroup::
